[2019-12-15 01:56:48.375] [exthost] [info] extension host started
[2019-12-15 01:56:48.472] [exthost] [info] ExtensionService#_doActivateExtension vscode.css-language-features {"startup":false,"extensionId":{"value":"vscode.css-language-features","_lower":"vscode.css-language-features"},"activationEvent":"onLanguage:css"}
[2019-12-15 01:56:48.472] [exthost] [info] ExtensionService#loadCommonJSModule file:///home/team2/.vscode-server/bin/9579eda04fdb3a9bba2750f15193e5fafe16b959/extensions/css-language-features/client/dist/cssMain
[2019-12-15 01:56:48.491] [exthost] [info] ExtensionService#_doActivateExtension vscode.emmet {"startup":false,"extensionId":{"value":"vscode.emmet","_lower":"vscode.emmet"},"activationEvent":"onLanguage:css"}
[2019-12-15 01:56:48.491] [exthost] [info] ExtensionService#loadCommonJSModule file:///home/team2/.vscode-server/bin/9579eda04fdb3a9bba2750f15193e5fafe16b959/extensions/emmet/dist/extension
[2019-12-15 01:56:48.514] [exthost] [info] ExtensionService#_doActivateExtension vscode.debug-auto-launch {"startup":true,"extensionId":{"value":"vscode.debug-auto-launch","_lower":"vscode.debug-auto-launch"},"activationEvent":"*"}
[2019-12-15 01:56:48.514] [exthost] [info] ExtensionService#loadCommonJSModule file:///home/team2/.vscode-server/bin/9579eda04fdb3a9bba2750f15193e5fafe16b959/extensions/debug-auto-launch/dist/extension
[2019-12-15 01:56:48.517] [exthost] [info] ExtensionService#_doActivateExtension vscode.git {"startup":true,"extensionId":{"value":"vscode.git","_lower":"vscode.git"},"activationEvent":"*"}
[2019-12-15 01:56:48.517] [exthost] [info] ExtensionService#loadCommonJSModule file:///home/team2/.vscode-server/bin/9579eda04fdb3a9bba2750f15193e5fafe16b959/extensions/git/dist/main
[2019-12-15 01:56:48.558] [exthost] [info] ExtensionService#_doActivateExtension vscode.merge-conflict {"startup":true,"extensionId":{"value":"vscode.merge-conflict","_lower":"vscode.merge-conflict"},"activationEvent":"*"}
[2019-12-15 01:56:48.558] [exthost] [info] ExtensionService#loadCommonJSModule file:///home/team2/.vscode-server/bin/9579eda04fdb3a9bba2750f15193e5fafe16b959/extensions/merge-conflict/dist/extension
[2019-12-15 01:56:48.562] [exthost] [info] ExtensionService#_doActivateExtension vscode.search-result {"startup":true,"extensionId":{"value":"vscode.search-result","_lower":"vscode.search-result"},"activationEvent":"*"}
[2019-12-15 01:56:48.562] [exthost] [info] ExtensionService#loadCommonJSModule file:///home/team2/.vscode-server/bin/9579eda04fdb3a9bba2750f15193e5fafe16b959/extensions/search-result/dist/extension.js
[2019-12-15 01:56:48.568] [exthost] [info] eager extensions activated
[2019-12-15 01:56:57.414] [exthost] [info] ExtensionService#_doActivateExtension vscode.php-language-features {"startup":false,"extensionId":{"value":"vscode.php-language-features","_lower":"vscode.php-language-features"},"activationEvent":"onLanguage:php"}
[2019-12-15 01:56:57.414] [exthost] [info] ExtensionService#loadCommonJSModule file:///home/team2/.vscode-server/bin/9579eda04fdb3a9bba2750f15193e5fafe16b959/extensions/php-language-features/dist/phpMain
[2019-12-15 02:14:59.112] [exthost] [info] ExtensionService#_doActivateExtension ms-vscode.node-debug2 {"startup":false,"extensionId":{"value":"ms-vscode.node-debug","_lower":"ms-vscode.node-debug"},"activationEvent":"onDebugInitialConfigurations"}
[2019-12-15 02:14:59.112] [exthost] [info] ExtensionService#loadCommonJSModule file:///home/team2/.vscode-server/bin/9579eda04fdb3a9bba2750f15193e5fafe16b959/extensions/ms-vscode.node-debug2/out/src/extension
[2019-12-15 02:14:59.125] [exthost] [info] ExtensionService#_doActivateExtension ms-vscode.node-debug {"startup":false,"extensionId":{"value":"ms-vscode.node-debug","_lower":"ms-vscode.node-debug"},"activationEvent":"onDebugInitialConfigurations"}
[2019-12-15 02:14:59.125] [exthost] [info] ExtensionService#loadCommonJSModule file:///home/team2/.vscode-server/bin/9579eda04fdb3a9bba2750f15193e5fafe16b959/extensions/ms-vscode.node-debug/dist/extension.js
[2019-12-15 02:14:59.755] [exthost] [info] ExtensionService#_doActivateExtension vscode.debug-server-ready {"startup":false,"extensionId":{"value":"vscode.debug-server-ready","_lower":"vscode.debug-server-ready"},"activationEvent":"onDebugResolve"}
[2019-12-15 02:14:59.755] [exthost] [info] ExtensionService#loadCommonJSModule file:///home/team2/.vscode-server/bin/9579eda04fdb3a9bba2750f15193e5fafe16b959/extensions/debug-server-ready/dist/extension
