[2019-12-13 23:29:49.141] [exthost] [info] extension host started
[2019-12-13 23:29:49.401] [exthost] [info] ExtensionService#_doActivateExtension vscode.php-language-features {"startup":false,"extensionId":{"value":"vscode.php-language-features","_lower":"vscode.php-language-features"},"activationEvent":"onLanguage:php"}
[2019-12-13 23:29:49.402] [exthost] [info] ExtensionService#loadCommonJSModule file:///home/sale8/.vscode-server/bin/9579eda04fdb3a9bba2750f15193e5fafe16b959/extensions/php-language-features/dist/phpMain
[2019-12-13 23:29:49.415] [exthost] [info] ExtensionService#_doActivateExtension vscode.debug-auto-launch {"startup":true,"extensionId":{"value":"vscode.debug-auto-launch","_lower":"vscode.debug-auto-launch"},"activationEvent":"*"}
[2019-12-13 23:29:49.415] [exthost] [info] ExtensionService#loadCommonJSModule file:///home/sale8/.vscode-server/bin/9579eda04fdb3a9bba2750f15193e5fafe16b959/extensions/debug-auto-launch/dist/extension
[2019-12-13 23:29:49.418] [exthost] [info] ExtensionService#_doActivateExtension vscode.emmet {"startup":true,"extensionId":{"value":"vscode.emmet","_lower":"vscode.emmet"},"activationEvent":"*"}
[2019-12-13 23:29:49.418] [exthost] [info] ExtensionService#loadCommonJSModule file:///home/sale8/.vscode-server/bin/9579eda04fdb3a9bba2750f15193e5fafe16b959/extensions/emmet/dist/extension
[2019-12-13 23:29:49.438] [exthost] [info] ExtensionService#_doActivateExtension vscode.git {"startup":true,"extensionId":{"value":"vscode.git","_lower":"vscode.git"},"activationEvent":"*"}
[2019-12-13 23:29:49.438] [exthost] [info] ExtensionService#loadCommonJSModule file:///home/sale8/.vscode-server/bin/9579eda04fdb3a9bba2750f15193e5fafe16b959/extensions/git/dist/main
[2019-12-13 23:29:49.477] [exthost] [info] ExtensionService#_doActivateExtension vscode.merge-conflict {"startup":true,"extensionId":{"value":"vscode.merge-conflict","_lower":"vscode.merge-conflict"},"activationEvent":"*"}
[2019-12-13 23:29:49.477] [exthost] [info] ExtensionService#loadCommonJSModule file:///home/sale8/.vscode-server/bin/9579eda04fdb3a9bba2750f15193e5fafe16b959/extensions/merge-conflict/dist/extension
[2019-12-13 23:29:49.481] [exthost] [info] ExtensionService#_doActivateExtension vscode.search-result {"startup":true,"extensionId":{"value":"vscode.search-result","_lower":"vscode.search-result"},"activationEvent":"*"}
[2019-12-13 23:29:49.481] [exthost] [info] ExtensionService#loadCommonJSModule file:///home/sale8/.vscode-server/bin/9579eda04fdb3a9bba2750f15193e5fafe16b959/extensions/search-result/dist/extension.js
[2019-12-13 23:29:49.482] [exthost] [info] ExtensionService#_doActivateExtension ms-vsliveshare.vsliveshare {"startup":true,"extensionId":{"value":"ms-vsliveshare.vsliveshare","_lower":"ms-vsliveshare.vsliveshare"},"activationEvent":"*"}
[2019-12-13 23:29:49.482] [exthost] [info] ExtensionService#loadCommonJSModule file:///home/sale8/.vscode-server/extensions/ms-vsliveshare.vsliveshare-1.0.1377/out/prod/extension-prod
[2019-12-13 23:29:49.698] [exthost] [info] ExtensionService#_doActivateExtension Wscats.eno {"startup":true,"extensionId":{"value":"Wscats.eno","_lower":"wscats.eno"},"activationEvent":"*"}
[2019-12-13 23:29:49.698] [exthost] [info] ExtensionService#loadCommonJSModule file:///home/sale8/.vscode-server/extensions/wscats.eno-2.1.4/extension
[2019-12-13 23:29:50.057] [exthost] [info] eager extensions activated
[2019-12-13 23:29:50.524] [exthost] [info] Extension 'ms-vsliveshare.vsliveshare' uses a document selector without scheme. Learn more about this: https://go.microsoft.com/fwlink/?linkid=872305
[2019-12-14 00:03:56.547] [exthost] [error] [ms-vsliveshare.vsliveshare] provider FAILED
[2019-12-14 00:03:56.547] [exthost] [error] Error: Illegal argument
    at Object.t.illegalArgument (file:///C:/Users/JooHyupKim/AppData/Local/Programs/Microsoft VS Code/resources/app/out/vs/workbench/workbench.desktop.main.js:52:776)
    at file:///C:/Users/JooHyupKim/AppData/Local/Programs/Microsoft VS Code/resources/app/out/vs/workbench/workbench.desktop.main.js:1806:648
    at file:///C:/Users/JooHyupKim/AppData/Local/Programs/Microsoft VS Code/resources/app/out/vs/workbench/workbench.desktop.main.js:1752:858
    at h.invokeFunction (file:///C:/Users/JooHyupKim/AppData/Local/Programs/Microsoft VS Code/resources/app/out/vs/workbench/workbench.desktop.main.js:1555:522)
    at u._tryExecuteCommand (file:///C:/Users/JooHyupKim/AppData/Local/Programs/Microsoft VS Code/resources/app/out/vs/workbench/workbench.desktop.main.js:3223:52)
    at file:///C:/Users/JooHyupKim/AppData/Local/Programs/Microsoft VS Code/resources/app/out/vs/workbench/workbench.desktop.main.js:3222:717
    at runMicrotasks (<anonymous>)
    at processTicksAndRejections (internal/process/task_queues.js:89:5)
