[2019-12-15 18:45:51.828] [exthost] [info] extension host started
[2019-12-15 18:45:51.935] [exthost] [info] ExtensionService#_doActivateExtension vscode.debug-auto-launch {"startup":true,"extensionId":{"value":"vscode.debug-auto-launch","_lower":"vscode.debug-auto-launch"},"activationEvent":"*"}
[2019-12-15 18:45:51.936] [exthost] [info] ExtensionService#loadCommonJSModule file:///home/team2/.vscode-server/bin/9579eda04fdb3a9bba2750f15193e5fafe16b959/extensions/debug-auto-launch/dist/extension
[2019-12-15 18:45:51.941] [exthost] [info] ExtensionService#_doActivateExtension vscode.emmet {"startup":true,"extensionId":{"value":"vscode.emmet","_lower":"vscode.emmet"},"activationEvent":"*"}
[2019-12-15 18:45:51.941] [exthost] [info] ExtensionService#loadCommonJSModule file:///home/team2/.vscode-server/bin/9579eda04fdb3a9bba2750f15193e5fafe16b959/extensions/emmet/dist/extension
[2019-12-15 18:45:51.964] [exthost] [info] ExtensionService#_doActivateExtension vscode.git {"startup":true,"extensionId":{"value":"vscode.git","_lower":"vscode.git"},"activationEvent":"*"}
[2019-12-15 18:45:51.964] [exthost] [info] ExtensionService#loadCommonJSModule file:///home/team2/.vscode-server/bin/9579eda04fdb3a9bba2750f15193e5fafe16b959/extensions/git/dist/main
[2019-12-15 18:45:52.006] [exthost] [info] ExtensionService#_doActivateExtension vscode.merge-conflict {"startup":true,"extensionId":{"value":"vscode.merge-conflict","_lower":"vscode.merge-conflict"},"activationEvent":"*"}
[2019-12-15 18:45:52.006] [exthost] [info] ExtensionService#loadCommonJSModule file:///home/team2/.vscode-server/bin/9579eda04fdb3a9bba2750f15193e5fafe16b959/extensions/merge-conflict/dist/extension
[2019-12-15 18:45:52.010] [exthost] [info] ExtensionService#_doActivateExtension vscode.search-result {"startup":true,"extensionId":{"value":"vscode.search-result","_lower":"vscode.search-result"},"activationEvent":"*"}
[2019-12-15 18:45:52.010] [exthost] [info] ExtensionService#loadCommonJSModule file:///home/team2/.vscode-server/bin/9579eda04fdb3a9bba2750f15193e5fafe16b959/extensions/search-result/dist/extension.js
[2019-12-15 18:45:52.018] [exthost] [info] eager extensions activated
[2019-12-15 18:47:05.349] [exthost] [info] ExtensionService#_doActivateExtension vscode.php-language-features {"startup":false,"extensionId":{"value":"vscode.php-language-features","_lower":"vscode.php-language-features"},"activationEvent":"onLanguage:php"}
[2019-12-15 18:47:05.349] [exthost] [info] ExtensionService#loadCommonJSModule file:///home/team2/.vscode-server/bin/9579eda04fdb3a9bba2750f15193e5fafe16b959/extensions/php-language-features/dist/phpMain
[2019-12-15 19:50:11.121] [exthost] [info] ExtensionService#_doActivateExtension vscode.css-language-features {"startup":false,"extensionId":{"value":"vscode.css-language-features","_lower":"vscode.css-language-features"},"activationEvent":"onLanguage:css"}
[2019-12-15 19:50:11.122] [exthost] [info] ExtensionService#loadCommonJSModule file:///home/team2/.vscode-server/bin/9579eda04fdb3a9bba2750f15193e5fafe16b959/extensions/css-language-features/client/dist/cssMain
[2019-12-15 20:02:00.280] [exthost] [info] ExtensionService#_doActivateExtension vscode.typescript-language-features {"startup":false,"extensionId":{"value":"vscode.typescript-language-features","_lower":"vscode.typescript-language-features"},"activationEvent":"onLanguage:javascript"}
[2019-12-15 20:02:00.280] [exthost] [info] ExtensionService#loadCommonJSModule file:///home/team2/.vscode-server/bin/9579eda04fdb3a9bba2750f15193e5fafe16b959/extensions/typescript-language-features/dist/extension
[2019-12-15 20:02:04.234] [exthost] [info] ExtensionService#_doActivateExtension vscode.extension-editing {"startup":false,"extensionId":{"value":"vscode.extension-editing","_lower":"vscode.extension-editing"},"activationEvent":"onLanguage:typescript"}
[2019-12-15 20:02:04.234] [exthost] [info] ExtensionService#loadCommonJSModule file:///home/team2/.vscode-server/bin/9579eda04fdb3a9bba2750f15193e5fafe16b959/extensions/extension-editing/dist/extension
[2019-12-15 20:33:15.426] [exthost] [info] ExtensionService#_doActivateExtension vscode.html-language-features {"startup":false,"extensionId":{"value":"vscode.html-language-features","_lower":"vscode.html-language-features"},"activationEvent":"onLanguage:html"}
[2019-12-15 20:33:15.427] [exthost] [info] ExtensionService#loadCommonJSModule file:///home/team2/.vscode-server/bin/9579eda04fdb3a9bba2750f15193e5fafe16b959/extensions/html-language-features/client/dist/htmlMain
[2019-12-15 22:35:49.864] [exthost] [info] ExtensionService#_doActivateExtension ms-vscode.node-debug2 {"startup":false,"extensionId":{"value":"ms-vscode.node-debug","_lower":"ms-vscode.node-debug"},"activationEvent":"onDebugInitialConfigurations"}
[2019-12-15 22:35:49.865] [exthost] [info] ExtensionService#loadCommonJSModule file:///home/team2/.vscode-server/bin/9579eda04fdb3a9bba2750f15193e5fafe16b959/extensions/ms-vscode.node-debug2/out/src/extension
[2019-12-15 22:35:49.882] [exthost] [info] ExtensionService#_doActivateExtension ms-vscode.node-debug {"startup":false,"extensionId":{"value":"ms-vscode.node-debug","_lower":"ms-vscode.node-debug"},"activationEvent":"onDebugInitialConfigurations"}
[2019-12-15 22:35:49.882] [exthost] [info] ExtensionService#loadCommonJSModule file:///home/team2/.vscode-server/bin/9579eda04fdb3a9bba2750f15193e5fafe16b959/extensions/ms-vscode.node-debug/dist/extension.js
[2019-12-15 22:35:51.153] [exthost] [info] ExtensionService#_doActivateExtension vscode.debug-server-ready {"startup":false,"extensionId":{"value":"vscode.debug-server-ready","_lower":"vscode.debug-server-ready"},"activationEvent":"onDebugResolve"}
[2019-12-15 22:35:51.153] [exthost] [info] ExtensionService#loadCommonJSModule file:///home/team2/.vscode-server/bin/9579eda04fdb3a9bba2750f15193e5fafe16b959/extensions/debug-server-ready/dist/extension
