[2019-12-17 18:32:59.376] [exthost] [info] extension host started
[2019-12-17 18:32:59.441] [exthost] [info] ExtensionService#_doActivateExtension vscode.debug-auto-launch {"startup":true,"extensionId":{"value":"vscode.debug-auto-launch","_lower":"vscode.debug-auto-launch"},"activationEvent":"*"}
[2019-12-17 18:32:59.442] [exthost] [info] ExtensionService#loadCommonJSModule file:///home/team2/.vscode-server/bin/f359dd69833dd8800b54d458f6d37ab7c78df520/extensions/debug-auto-launch/dist/extension
[2019-12-17 18:32:59.448] [exthost] [info] ExtensionService#_doActivateExtension vscode.emmet {"startup":true,"extensionId":{"value":"vscode.emmet","_lower":"vscode.emmet"},"activationEvent":"*"}
[2019-12-17 18:32:59.448] [exthost] [info] ExtensionService#loadCommonJSModule file:///home/team2/.vscode-server/bin/f359dd69833dd8800b54d458f6d37ab7c78df520/extensions/emmet/dist/extension
[2019-12-17 18:32:59.473] [exthost] [info] ExtensionService#_doActivateExtension vscode.git {"startup":true,"extensionId":{"value":"vscode.git","_lower":"vscode.git"},"activationEvent":"*"}
[2019-12-17 18:32:59.473] [exthost] [info] ExtensionService#loadCommonJSModule file:///home/team2/.vscode-server/bin/f359dd69833dd8800b54d458f6d37ab7c78df520/extensions/git/dist/main
[2019-12-17 18:32:59.522] [exthost] [info] ExtensionService#_doActivateExtension vscode.merge-conflict {"startup":true,"extensionId":{"value":"vscode.merge-conflict","_lower":"vscode.merge-conflict"},"activationEvent":"*"}
[2019-12-17 18:32:59.522] [exthost] [info] ExtensionService#loadCommonJSModule file:///home/team2/.vscode-server/bin/f359dd69833dd8800b54d458f6d37ab7c78df520/extensions/merge-conflict/dist/extension
[2019-12-17 18:32:59.529] [exthost] [info] eager extensions activated
[2019-12-17 18:33:44.449] [exthost] [info] ExtensionService#_doActivateExtension vscode.php-language-features {"startup":false,"extensionId":{"value":"vscode.php-language-features","_lower":"vscode.php-language-features"},"activationEvent":"onLanguage:php"}
[2019-12-17 18:33:44.449] [exthost] [info] ExtensionService#loadCommonJSModule file:///home/team2/.vscode-server/bin/f359dd69833dd8800b54d458f6d37ab7c78df520/extensions/php-language-features/dist/phpMain
[2019-12-17 19:00:44.954] [exthost] [info] ExtensionService#_doActivateExtension vscode.css-language-features {"startup":false,"extensionId":{"value":"vscode.css-language-features","_lower":"vscode.css-language-features"},"activationEvent":"onLanguage:css"}
[2019-12-17 19:00:44.955] [exthost] [info] ExtensionService#loadCommonJSModule file:///home/team2/.vscode-server/bin/f359dd69833dd8800b54d458f6d37ab7c78df520/extensions/css-language-features/client/dist/cssMain
[2019-12-17 19:06:33.424] [exthost] [info] ExtensionService#_doActivateExtension vscode.html-language-features {"startup":false,"extensionId":{"value":"vscode.html-language-features","_lower":"vscode.html-language-features"},"activationEvent":"onLanguage:html"}
[2019-12-17 19:06:33.425] [exthost] [info] ExtensionService#loadCommonJSModule file:///home/team2/.vscode-server/bin/f359dd69833dd8800b54d458f6d37ab7c78df520/extensions/html-language-features/client/dist/htmlMain
[2019-12-17 19:39:10.214] [exthost] [info] ExtensionService#_doActivateExtension vscode.typescript-language-features {"startup":false,"extensionId":{"value":"vscode.typescript-language-features","_lower":"vscode.typescript-language-features"},"activationEvent":"onLanguage:javascript"}
[2019-12-17 19:39:10.216] [exthost] [info] ExtensionService#loadCommonJSModule file:///home/team2/.vscode-server/bin/f359dd69833dd8800b54d458f6d37ab7c78df520/extensions/typescript-language-features/dist/extension
[2019-12-17 19:39:52.262] [exthost] [info] ExtensionService#_doActivateExtension vscode.extension-editing {"startup":false,"extensionId":{"value":"vscode.extension-editing","_lower":"vscode.extension-editing"},"activationEvent":"onLanguage:typescript"}
[2019-12-17 19:39:52.262] [exthost] [info] ExtensionService#loadCommonJSModule file:///home/team2/.vscode-server/bin/f359dd69833dd8800b54d458f6d37ab7c78df520/extensions/extension-editing/dist/extension
