[2019-11-19 23:31:41.788] [exthost] [info] extension host started
[2019-11-19 23:31:42.114] [exthost] [info] ExtensionService#_doActivateExtension vscode.php-language-features {"startup":false,"extensionId":{"value":"vscode.php-language-features","_lower":"vscode.php-language-features"},"activationEvent":"onLanguage:php"}
[2019-11-19 23:31:42.115] [exthost] [info] ExtensionService#loadCommonJSModule file:///home/sale8/.vscode-server/bin/8795a9889db74563ddd43eb0a897a2384129a619/extensions/php-language-features/dist/phpMain
[2019-11-19 23:31:42.126] [exthost] [info] ExtensionService#_doActivateExtension vscode.debug-auto-launch {"startup":true,"extensionId":{"value":"vscode.debug-auto-launch","_lower":"vscode.debug-auto-launch"},"activationEvent":"*"}
[2019-11-19 23:31:42.126] [exthost] [info] ExtensionService#loadCommonJSModule file:///home/sale8/.vscode-server/bin/8795a9889db74563ddd43eb0a897a2384129a619/extensions/debug-auto-launch/dist/extension
[2019-11-19 23:31:42.129] [exthost] [info] ExtensionService#_doActivateExtension vscode.emmet {"startup":true,"extensionId":{"value":"vscode.emmet","_lower":"vscode.emmet"},"activationEvent":"*"}
[2019-11-19 23:31:42.129] [exthost] [info] ExtensionService#loadCommonJSModule file:///home/sale8/.vscode-server/bin/8795a9889db74563ddd43eb0a897a2384129a619/extensions/emmet/dist/extension
[2019-11-19 23:31:42.151] [exthost] [info] ExtensionService#_doActivateExtension vscode.git {"startup":true,"extensionId":{"value":"vscode.git","_lower":"vscode.git"},"activationEvent":"*"}
[2019-11-19 23:31:42.151] [exthost] [info] ExtensionService#loadCommonJSModule file:///home/sale8/.vscode-server/bin/8795a9889db74563ddd43eb0a897a2384129a619/extensions/git/dist/main
[2019-11-19 23:31:42.193] [exthost] [info] ExtensionService#_doActivateExtension vscode.merge-conflict {"startup":true,"extensionId":{"value":"vscode.merge-conflict","_lower":"vscode.merge-conflict"},"activationEvent":"*"}
[2019-11-19 23:31:42.193] [exthost] [info] ExtensionService#loadCommonJSModule file:///home/sale8/.vscode-server/bin/8795a9889db74563ddd43eb0a897a2384129a619/extensions/merge-conflict/dist/extension
[2019-11-19 23:31:42.196] [exthost] [info] ExtensionService#_doActivateExtension ms-vsliveshare.vsliveshare {"startup":true,"extensionId":{"value":"ms-vsliveshare.vsliveshare","_lower":"ms-vsliveshare.vsliveshare"},"activationEvent":"*"}
[2019-11-19 23:31:42.196] [exthost] [info] ExtensionService#loadCommonJSModule file:///home/sale8/.vscode-server/extensions/ms-vsliveshare.vsliveshare-1.0.1245/out/prod/extension-prod
[2019-11-19 23:31:42.493] [exthost] [info] ExtensionService#_doActivateExtension Wscats.eno {"startup":true,"extensionId":{"value":"Wscats.eno","_lower":"wscats.eno"},"activationEvent":"*"}
[2019-11-19 23:31:42.493] [exthost] [info] ExtensionService#loadCommonJSModule file:///home/sale8/.vscode-server/extensions/wscats.eno-2.1.2/extension
[2019-11-19 23:31:42.877] [exthost] [info] eager extensions activated
[2019-11-20 00:37:53.116] [exthost] [info] ExtensionService#_doActivateExtension ms-vscode.node-debug2 {"startup":false,"extensionId":{"value":"ms-vscode.node-debug","_lower":"ms-vscode.node-debug"},"activationEvent":"onDebugInitialConfigurations"}
[2019-11-20 00:37:53.118] [exthost] [info] ExtensionService#loadCommonJSModule file:///home/sale8/.vscode-server/bin/8795a9889db74563ddd43eb0a897a2384129a619/extensions/ms-vscode.node-debug2/out/src/extension
[2019-11-20 00:37:53.136] [exthost] [info] ExtensionService#_doActivateExtension ms-vscode.node-debug {"startup":false,"extensionId":{"value":"ms-vscode.node-debug","_lower":"ms-vscode.node-debug"},"activationEvent":"onDebugInitialConfigurations"}
[2019-11-20 00:37:53.137] [exthost] [info] ExtensionService#loadCommonJSModule file:///home/sale8/.vscode-server/bin/8795a9889db74563ddd43eb0a897a2384129a619/extensions/ms-vscode.node-debug/dist/extension.js
[2019-11-20 00:37:55.002] [exthost] [info] ExtensionService#_doActivateExtension vscode.debug-server-ready {"startup":false,"extensionId":{"value":"vscode.debug-server-ready","_lower":"vscode.debug-server-ready"},"activationEvent":"onDebugResolve"}
[2019-11-20 00:37:55.002] [exthost] [info] ExtensionService#loadCommonJSModule file:///home/sale8/.vscode-server/bin/8795a9889db74563ddd43eb0a897a2384129a619/extensions/debug-server-ready/dist/extension
